Arguments: 
  /home/clei/.nvm/versions/node/v10.15.3/bin/node /home/clei/.yarn/bin/yarn.js add tsc-node-dev -D

PATH: 
  /home/clei/.zinit/polaris/bin:/home/clei/.yarn/bin:/home/clei/.config/yarn/global/node_modules/.bin:/home/clei/.nvm/versions/node/v10.15.3/bin:/usr/local/bin:/usr/bin:/bin:/usr/local/games:/usr/games:/etc/jdk1.8.0_251/bin:/opt/gradle/gradle-6.3/bin:/home/clei/Android/Sdk/emulator:/home/clei/Android/Sdk/tools:/home/clei/Android/Sdk/tools/bin:/home/clei/Android/Sdk/platform-tools:/snap/bin

Yarn version: 
  1.22.4

Node version: 
  10.15.3

Platform: 
  linux x64

Trace: 
  Error: https://registry.yarnpkg.com/tsc-node-dev: Not found
      at Request.params.callback [as _callback] (/home/clei/.yarn/lib/cli.js:66987:18)
      at Request.self.callback (/home/clei/.yarn/lib/cli.js:140748:22)
      at Request.emit (events.js:189:13)
      at Request.<anonymous> (/home/clei/.yarn/lib/cli.js:141720:10)
      at Request.emit (events.js:189:13)
      at IncomingMessage.<anonymous> (/home/clei/.yarn/lib/cli.js:141642:12)
      at Object.onceWrapper (events.js:277:13)
      at IncomingMessage.emit (events.js:194:15)
      at endReadableNT (_stream_readable.js:1125:12)
      at process._tickCallback (internal/process/next_tick.js:63:19)

npm manifest: 
  {
    "name": "backendRUral-ts",
    "version": "1.0.0",
    "main": "index.js",
    "license": "MIT",
    "devDependencies": {
      "typescript": "^3.9.5"
    }
  }

yarn manifest: 
  No manifest

Lockfile: 
  # THIS IS AN AUTOGENERATED FILE. DO NOT EDIT THIS FILE DIRECTLY.
  # yarn lockfile v1
  
  
  typescript@^3.9.5:
    version "3.9.5"
    resolved "https://registry.yarnpkg.com/typescript/-/typescript-3.9.5.tgz#586f0dba300cde8be52dd1ac4f7e1009c1b13f36"
    integrity sha512-hSAifV3k+i6lEoCJ2k6R2Z/rp/H3+8sdmcn5NrS3/3kE7+RyZXm9aqvxWqjEXHAd8b0pShatpcdMTvEdvAJltQ==
